[ 2016-06-29T10:38:35+08:00 ] 127.0.0.1 /Charge/
INFO: [ app_init ] --START--
INFO: Run Behavior\BuildLiteBehavior [ RunTime:0.000000s ]
INFO: [ app_init ] --END-- [ RunTime:0.000000s ]
INFO: [ app_begin ] --START--
INFO: Run Behavior\ReadHtmlCacheBehavior [ RunTime:0.001000s ]
INFO: [ app_begin ] --END-- [ RunTime:0.001000s ]
INFO: [ view_parse ] --START--
INFO: [ template_filter ] --START--
INFO: Run Behavior\ContentReplaceBehavior [ RunTime:0.000000s ]
INFO: [ template_filter ] --END-- [ RunTime:0.000000s ]
INFO: Run Behavior\ParseTemplateBehavior [ RunTime:0.008001s ]
INFO: [ view_parse ] --END-- [ RunTime:0.008001s ]
INFO: [ view_filter ] --START--
INFO: Run Behavior\WriteHtmlCacheBehavior [ RunTime:0.000000s ]
INFO: [ view_filter ] --END-- [ RunTime:0.000000s ]
INFO: [ app_end ] --START--
INFO: Run Behavior\ShowPageTraceBehavior [ RunTime:0.001000s ]
INFO: [ app_end ] --END-- [ RunTime:0.001000s ]

[ 2016-06-29T10:41:10+08:00 ] 127.0.0.1 /Charge/
INFO: [ app_init ] --START--
INFO: Run Behavior\BuildLiteBehavior [ RunTime:0.000000s ]
INFO: [ app_init ] --END-- [ RunTime:0.000000s ]
INFO: [ app_begin ] --START--
INFO: Run Behavior\ReadHtmlCacheBehavior [ RunTime:0.001000s ]
INFO: [ app_begin ] --END-- [ RunTime:0.001000s ]
INFO: [ view_parse ] --START--
INFO: Run Behavior\ParseTemplateBehavior [ RunTime:0.001000s ]
INFO: [ view_parse ] --END-- [ RunTime:0.001000s ]
INFO: [ view_filter ] --START--
INFO: Run Behavior\WriteHtmlCacheBehavior [ RunTime:0.001000s ]
INFO: [ view_filter ] --END-- [ RunTime:0.001000s ]
INFO: [ app_end ] --START--
INFO: Run Behavior\ShowPageTraceBehavior [ RunTime:0.000000s ]
INFO: [ app_end ] --END-- [ RunTime:0.000000s ]

[ 2016-06-29T11:04:15+08:00 ] 127.0.0.1 /Charge/
INFO: [ app_init ] --START--
INFO: Run Behavior\BuildLiteBehavior [ RunTime:0.000000s ]
INFO: [ app_init ] --END-- [ RunTime:0.000000s ]
INFO: [ app_begin ] --START--
INFO: Run Behavior\ReadHtmlCacheBehavior [ RunTime:0.001000s ]
INFO: [ app_begin ] --END-- [ RunTime:0.001000s ]
ERR: SQLSTATE[HY000] [1049] Unknown database 'db_dailyinfo'

[ 2016-06-29T11:04:47+08:00 ] 127.0.0.1 /Charge/
INFO: [ app_init ] --START--
INFO: Run Behavior\BuildLiteBehavior [ RunTime:0.000000s ]
INFO: [ app_init ] --END-- [ RunTime:0.001000s ]
INFO: [ app_begin ] --START--
INFO: Run Behavior\ReadHtmlCacheBehavior [ RunTime:0.001000s ]
INFO: [ app_begin ] --END-- [ RunTime:0.001000s ]
SQL: SHOW COLUMNS FROM `db_user` [ RunTime:0.0030s ]
ERR: Think\Model:createUser方法不存在！

[ 2016-06-29T11:11:41+08:00 ] 127.0.0.1 /Charge/
INFO: [ app_init ] --START--
INFO: Run Behavior\BuildLiteBehavior [ RunTime:0.000000s ]
INFO: [ app_init ] --END-- [ RunTime:0.001000s ]
INFO: [ app_begin ] --START--
INFO: Run Behavior\ReadHtmlCacheBehavior [ RunTime:0.001001s ]
INFO: [ app_begin ] --END-- [ RunTime:0.001001s ]

[ 2016-06-29T11:13:26+08:00 ] 127.0.0.1 /Charge/
INFO: [ app_init ] --START--
INFO: Run Behavior\BuildLiteBehavior [ RunTime:0.000000s ]
INFO: [ app_init ] --END-- [ RunTime:0.001000s ]
INFO: [ app_begin ] --START--
INFO: Run Behavior\ReadHtmlCacheBehavior [ RunTime:0.001000s ]
INFO: [ app_begin ] --END-- [ RunTime:0.001000s ]
SQL: SHOW COLUMNS FROM `db_user` [ RunTime:0.0040s ]
SQL: SHOW COLUMNS FROM `db_user` [ RunTime:0.0030s ]
NOTIC: [8] Undefined index: validate E:\xampp\htdocs\Charge\ThinkPHP\Library\Think\Model.class.php 第 1185 行.
NOTIC: [8] Undefined index: auto E:\xampp\htdocs\Charge\ThinkPHP\Library\Think\Model.class.php 第 1128 行.
INFO: [ app_end ] --START--
INFO: Run Behavior\ShowPageTraceBehavior [ RunTime:0.000000s ]
INFO: [ app_end ] --END-- [ RunTime:0.001000s ]

[ 2016-06-29T11:13:58+08:00 ] 127.0.0.1 /Charge/Home/Index/uid/lllllll
INFO: [ app_init ] --START--
INFO: Run Behavior\BuildLiteBehavior [ RunTime:0.000000s ]
INFO: [ app_init ] --END-- [ RunTime:0.001000s ]
INFO: [ app_begin ] --START--
INFO: Run Behavior\ReadHtmlCacheBehavior [ RunTime:0.001000s ]
INFO: [ app_begin ] --END-- [ RunTime:0.001000s ]
ERR: 非法操作:uid

[ 2016-06-29T11:14:20+08:00 ] 127.0.0.1 /Charge/Home/Index/index/uid/lllllll
INFO: [ app_init ] --START--
INFO: Run Behavior\BuildLiteBehavior [ RunTime:0.000000s ]
INFO: [ app_init ] --END-- [ RunTime:0.001000s ]
INFO: [ app_begin ] --START--
INFO: Run Behavior\ReadHtmlCacheBehavior [ RunTime:0.000000s ]
INFO: [ app_begin ] --END-- [ RunTime:0.000000s ]
SQL: SHOW COLUMNS FROM `db_user` [ RunTime:0.0020s ]
SQL: SHOW COLUMNS FROM `db_user` [ RunTime:0.0030s ]
NOTIC: [8] Undefined index: validate E:\xampp\htdocs\Charge\ThinkPHP\Library\Think\Model.class.php 第 1185 行.
NOTIC: [8] Undefined index: auto E:\xampp\htdocs\Charge\ThinkPHP\Library\Think\Model.class.php 第 1128 行.
INFO: [ app_end ] --START--
INFO: Run Behavior\ShowPageTraceBehavior [ RunTime:0.001000s ]
INFO: [ app_end ] --END-- [ RunTime:0.001000s ]

[ 2016-06-29T11:14:46+08:00 ] 127.0.0.1 /Charge/Home/Index/index/uid/lllllll
INFO: [ app_init ] --START--
INFO: Run Behavior\BuildLiteBehavior [ RunTime:0.000000s ]
INFO: [ app_init ] --END-- [ RunTime:0.000000s ]
INFO: [ app_begin ] --START--
INFO: Run Behavior\ReadHtmlCacheBehavior [ RunTime:0.001000s ]
INFO: [ app_begin ] --END-- [ RunTime:0.001000s ]
SQL: SHOW COLUMNS FROM `db_user` [ RunTime:0.0030s ]
SQL: SHOW COLUMNS FROM `db_user` [ RunTime:0.0040s ]
NOTIC: [8] Undefined index: validate E:\xampp\htdocs\Charge\ThinkPHP\Library\Think\Model.class.php 第 1185 行.
NOTIC: [8] Undefined index: auto E:\xampp\htdocs\Charge\ThinkPHP\Library\Think\Model.class.php 第 1128 行.
INFO: [ app_end ] --START--
INFO: Run Behavior\ShowPageTraceBehavior [ RunTime:0.001000s ]
INFO: [ app_end ] --END-- [ RunTime:0.001000s ]

[ 2016-06-29T11:15:06+08:00 ] 127.0.0.1 /Charge/Home/Index/index/uid/lllllll
INFO: [ app_init ] --START--
INFO: Run Behavior\BuildLiteBehavior [ RunTime:0.000000s ]
INFO: [ app_init ] --END-- [ RunTime:0.000000s ]
INFO: [ app_begin ] --START--
INFO: Run Behavior\ReadHtmlCacheBehavior [ RunTime:0.001000s ]
INFO: [ app_begin ] --END-- [ RunTime:0.001000s ]
SQL: SHOW COLUMNS FROM `db_user` [ RunTime:0.0020s ]
SQL: SHOW COLUMNS FROM `db_user` [ RunTime:0.0020s ]
NOTIC: [8] Undefined index: validate E:\xampp\htdocs\Charge\ThinkPHP\Library\Think\Model.class.php 第 1185 行.
NOTIC: [8] Undefined index: auto E:\xampp\htdocs\Charge\ThinkPHP\Library\Think\Model.class.php 第 1128 行.
INFO: [ app_end ] --START--
INFO: Run Behavior\ShowPageTraceBehavior [ RunTime:0.000000s ]
INFO: [ app_end ] --END-- [ RunTime:0.000000s ]

[ 2016-06-29T11:16:48+08:00 ] 127.0.0.1 /Charge/Home/Index/index/uid/lllllll
INFO: [ app_init ] --START--
INFO: Run Behavior\BuildLiteBehavior [ RunTime:0.000000s ]
INFO: [ app_init ] --END-- [ RunTime:0.001000s ]
INFO: [ app_begin ] --START--
INFO: Run Behavior\ReadHtmlCacheBehavior [ RunTime:0.001000s ]
INFO: [ app_begin ] --END-- [ RunTime:0.001000s ]
SQL: SHOW COLUMNS FROM `db_user` [ RunTime:0.0040s ]
SQL: SHOW COLUMNS FROM `db_user` [ RunTime:0.0040s ]
SQL: INSERT INTO `db_user` (`uid`) VALUES ('lllllll') [ RunTime:0.0750s ]
INFO: [ app_end ] --START--
INFO: Run Behavior\ShowPageTraceBehavior [ RunTime:0.002000s ]
INFO: [ app_end ] --END-- [ RunTime:0.002000s ]

[ 2016-06-29T11:17:44+08:00 ] 127.0.0.1 /Charge/Home/Index/index/uid/liiiisds
INFO: [ app_init ] --START--
INFO: Run Behavior\BuildLiteBehavior [ RunTime:0.000000s ]
INFO: [ app_init ] --END-- [ RunTime:0.001000s ]
INFO: [ app_begin ] --START--
INFO: Run Behavior\ReadHtmlCacheBehavior [ RunTime:0.001000s ]
INFO: [ app_begin ] --END-- [ RunTime:0.001000s ]
SQL: SHOW COLUMNS FROM `db_user` [ RunTime:0.0030s ]
SQL: SHOW COLUMNS FROM `db_user` [ RunTime:0.0040s ]
NOTIC: [8] Undefined index: validate E:\xampp\htdocs\Charge\ThinkPHP\Library\Think\Model.class.php 第 1185 行.
NOTIC: [8] Undefined index: auto E:\xampp\htdocs\Charge\ThinkPHP\Library\Think\Model.class.php 第 1128 行.
INFO: [ app_end ] --START--
INFO: Run Behavior\ShowPageTraceBehavior [ RunTime:0.001000s ]
INFO: [ app_end ] --END-- [ RunTime:0.001000s ]

[ 2016-06-29T11:18:51+08:00 ] 127.0.0.1 /Charge/Home/Index/index/uid/liiiisds
INFO: [ app_init ] --START--
INFO: Run Behavior\BuildLiteBehavior [ RunTime:0.000000s ]
INFO: [ app_init ] --END-- [ RunTime:0.000000s ]
INFO: [ app_begin ] --START--
INFO: Run Behavior\ReadHtmlCacheBehavior [ RunTime:0.001000s ]
INFO: [ app_begin ] --END-- [ RunTime:0.001000s ]
SQL: SHOW COLUMNS FROM `db_user` [ RunTime:0.0030s ]
SQL: SHOW COLUMNS FROM `db_user` [ RunTime:0.0030s ]
NOTIC: [8] Undefined index: validate E:\xampp\htdocs\Charge\ThinkPHP\Library\Think\Model.class.php 第 1185 行.
NOTIC: [8] Undefined index: auto E:\xampp\htdocs\Charge\ThinkPHP\Library\Think\Model.class.php 第 1128 行.
INFO: [ app_end ] --START--
INFO: Run Behavior\ShowPageTraceBehavior [ RunTime:0.001000s ]
INFO: [ app_end ] --END-- [ RunTime:0.001000s ]

[ 2016-06-29T11:20:21+08:00 ] 127.0.0.1 /Charge/Home/Index/index/uid/liiiisds
INFO: [ app_init ] --START--
INFO: Run Behavior\BuildLiteBehavior [ RunTime:0.000000s ]
INFO: [ app_init ] --END-- [ RunTime:0.000000s ]
INFO: [ app_begin ] --START--
INFO: Run Behavior\ReadHtmlCacheBehavior [ RunTime:0.001000s ]
INFO: [ app_begin ] --END-- [ RunTime:0.001000s ]
SQL: SHOW COLUMNS FROM `db_user` [ RunTime:0.0030s ]
SQL: SHOW COLUMNS FROM `db_user` [ RunTime:0.0030s ]
NOTIC: [8] Undefined index: validate E:\xampp\htdocs\Charge\ThinkPHP\Library\Think\Model.class.php 第 1185 行.
NOTIC: [8] Undefined index: auto E:\xampp\htdocs\Charge\ThinkPHP\Library\Think\Model.class.php 第 1128 行.
INFO: [ app_end ] --START--
INFO: Run Behavior\ShowPageTraceBehavior [ RunTime:0.001000s ]
INFO: [ app_end ] --END-- [ RunTime:0.001000s ]

[ 2016-06-29T11:21:40+08:00 ] 127.0.0.1 /Charge/Home/Index/index/uid/liiiisds
INFO: [ app_init ] --START--
INFO: Run Behavior\BuildLiteBehavior [ RunTime:0.000000s ]
INFO: [ app_init ] --END-- [ RunTime:0.001000s ]
INFO: [ app_begin ] --START--
INFO: Run Behavior\ReadHtmlCacheBehavior [ RunTime:0.001000s ]
INFO: [ app_begin ] --END-- [ RunTime:0.001000s ]
SQL: SHOW COLUMNS FROM `db_user` [ RunTime:0.0020s ]
SQL: SHOW COLUMNS FROM `db_user` [ RunTime:0.0020s ]
NOTIC: [8] Undefined index: validate E:\xampp\htdocs\Charge\ThinkPHP\Library\Think\Model.class.php 第 1185 行.
NOTIC: [8] Undefined index: auto E:\xampp\htdocs\Charge\ThinkPHP\Library\Think\Model.class.php 第 1128 行.
INFO: [ app_end ] --START--
INFO: Run Behavior\ShowPageTraceBehavior [ RunTime:0.001000s ]
INFO: [ app_end ] --END-- [ RunTime:0.001000s ]

[ 2016-06-29T11:23:05+08:00 ] 127.0.0.1 /Charge/Home/Index/index/uid/liiiisds
INFO: [ app_init ] --START--
INFO: Run Behavior\BuildLiteBehavior [ RunTime:0.000000s ]
INFO: [ app_init ] --END-- [ RunTime:0.001000s ]
INFO: [ app_begin ] --START--
INFO: Run Behavior\ReadHtmlCacheBehavior [ RunTime:0.002000s ]
INFO: [ app_begin ] --END-- [ RunTime:0.002000s ]
SQL: SHOW COLUMNS FROM `db_user` [ RunTime:0.0070s ]
SQL: SHOW COLUMNS FROM `db_user` [ RunTime:0.0080s ]
SQL: INSERT INTO `db_user` (`uid`,`pwd`,`uname`,`email`,`tel`) VALUES ('liiiisds','','','','') [ RunTime:0.0450s ]
INFO: [ app_end ] --START--
INFO: Run Behavior\ShowPageTraceBehavior [ RunTime:0.002000s ]
INFO: [ app_end ] --END-- [ RunTime:0.003001s ]

[ 2016-06-29T11:24:08+08:00 ] 127.0.0.1 /Charge/Home/Index/index/uid/liiiisds
INFO: [ app_init ] --START--
INFO: Run Behavior\BuildLiteBehavior [ RunTime:0.000000s ]
INFO: [ app_init ] --END-- [ RunTime:0.001000s ]
INFO: [ app_begin ] --START--
INFO: Run Behavior\ReadHtmlCacheBehavior [ RunTime:0.001000s ]
INFO: [ app_begin ] --END-- [ RunTime:0.001000s ]
SQL: SHOW COLUMNS FROM `db_user` [ RunTime:0.0020s ]
SQL: SHOW COLUMNS FROM `db_user` [ RunTime:0.0030s ]
INFO: [ app_end ] --START--
INFO: Run Behavior\ShowPageTraceBehavior [ RunTime:0.001000s ]
INFO: [ app_end ] --END-- [ RunTime:0.001000s ]

[ 2016-06-29T11:26:00+08:00 ] 127.0.0.1 /Charge/Home/Index/index/tel/110
INFO: [ app_init ] --START--
INFO: Run Behavior\BuildLiteBehavior [ RunTime:0.000000s ]
INFO: [ app_init ] --END-- [ RunTime:0.001001s ]
INFO: [ app_begin ] --START--
INFO: Run Behavior\ReadHtmlCacheBehavior [ RunTime:0.001000s ]
INFO: [ app_begin ] --END-- [ RunTime:0.001000s ]
SQL: SHOW COLUMNS FROM `db_user` [ RunTime:0.0030s ]
SQL: SHOW COLUMNS FROM `db_user` [ RunTime:0.0030s ]
ERR: 1054:Unknown column 'zhangchao' in 'where clause'
 [ SQL语句 ] : UPDATE `db_user` SET `tel`='110' WHERE ( uid=zhangchao )
ERR: 1054:Unknown column 'zhangchao' in 'where clause'
 [ SQL语句 ] : UPDATE `db_user` SET `tel`='110' WHERE ( uid=zhangchao )

[ 2016-06-29T11:26:38+08:00 ] 127.0.0.1 /Charge/Home/Index/index/tel/110
INFO: [ app_init ] --START--
INFO: Run Behavior\BuildLiteBehavior [ RunTime:0.000000s ]
INFO: [ app_init ] --END-- [ RunTime:0.000000s ]
INFO: [ app_begin ] --START--
INFO: Run Behavior\ReadHtmlCacheBehavior [ RunTime:0.001000s ]
INFO: [ app_begin ] --END-- [ RunTime:0.001000s ]
SQL: SHOW COLUMNS FROM `db_user` [ RunTime:0.0030s ]
SQL: SHOW COLUMNS FROM `db_user` [ RunTime:0.0030s ]
ERR: 1054:Unknown column 'zhangchao' in 'where clause'
 [ SQL语句 ] : UPDATE `db_user` SET `tel`='110' WHERE ( uid=zhangchao )
ERR: 1054:Unknown column 'zhangchao' in 'where clause'
 [ SQL语句 ] : UPDATE `db_user` SET `tel`='110' WHERE ( uid=zhangchao )

[ 2016-06-29T11:26:58+08:00 ] 127.0.0.1 /Charge/Home/Index/index/tel/110
INFO: [ app_init ] --START--
INFO: Run Behavior\BuildLiteBehavior [ RunTime:0.000000s ]
INFO: [ app_init ] --END-- [ RunTime:0.001000s ]
INFO: [ app_begin ] --START--
INFO: Run Behavior\ReadHtmlCacheBehavior [ RunTime:0.001000s ]
INFO: [ app_begin ] --END-- [ RunTime:0.001000s ]
SQL: SHOW COLUMNS FROM `db_user` [ RunTime:0.0030s ]
SQL: SHOW COLUMNS FROM `db_user` [ RunTime:0.0030s ]
SQL: UPDATE `db_user` SET `tel`='110' WHERE ( uid='zhangchao' ) [ RunTime:0.0380s ]
INFO: [ app_end ] --START--
INFO: Run Behavior\ShowPageTraceBehavior [ RunTime:0.001000s ]
INFO: [ app_end ] --END-- [ RunTime:0.001000s ]

[ 2016-06-29T11:27:38+08:00 ] 127.0.0.1 /Charge/Home/Index/index/uid/liiiisds
INFO: [ app_init ] --START--
INFO: Run Behavior\BuildLiteBehavior [ RunTime:0.000000s ]
INFO: [ app_init ] --END-- [ RunTime:0.001000s ]
INFO: [ app_begin ] --START--
INFO: Run Behavior\ReadHtmlCacheBehavior [ RunTime:0.001000s ]
INFO: [ app_begin ] --END-- [ RunTime:0.001000s ]
SQL: SHOW COLUMNS FROM `db_user` [ RunTime:0.0020s ]
SQL: SHOW COLUMNS FROM `db_user` [ RunTime:0.0020s ]
SQL: UPDATE `db_user` SET `tel`='110' WHERE ( uid='zhangchao' ) [ RunTime:0.0000s ]
INFO: [ app_end ] --START--
INFO: Run Behavior\ShowPageTraceBehavior [ RunTime:0.001000s ]
INFO: [ app_end ] --END-- [ RunTime:0.001000s ]

[ 2016-06-29T11:27:44+08:00 ] 127.0.0.1 /Charge/Home/Index/index/tel/222222222
INFO: [ app_init ] --START--
INFO: Run Behavior\BuildLiteBehavior [ RunTime:0.000000s ]
INFO: [ app_init ] --END-- [ RunTime:0.000000s ]
INFO: [ app_begin ] --START--
INFO: Run Behavior\ReadHtmlCacheBehavior [ RunTime:0.001000s ]
INFO: [ app_begin ] --END-- [ RunTime:0.001000s ]
SQL: SHOW COLUMNS FROM `db_user` [ RunTime:0.0030s ]
SQL: SHOW COLUMNS FROM `db_user` [ RunTime:0.0030s ]
SQL: UPDATE `db_user` SET `tel`='222222222' WHERE ( uid='zhangchao' ) [ RunTime:0.1390s ]
INFO: [ app_end ] --START--
INFO: Run Behavior\ShowPageTraceBehavior [ RunTime:0.002000s ]
INFO: [ app_end ] --END-- [ RunTime:0.002000s ]

[ 2016-06-29T11:35:50+08:00 ] 127.0.0.1 /Charge/Home/Login
INFO: [ app_init ] --START--
INFO: Run Behavior\BuildLiteBehavior [ RunTime:0.000000s ]
INFO: [ app_init ] --END-- [ RunTime:0.001000s ]
INFO: [ app_begin ] --START--
INFO: Run Behavior\ReadHtmlCacheBehavior [ RunTime:0.001000s ]
INFO: [ app_begin ] --END-- [ RunTime:0.001000s ]
INFO: [ view_parse ] --START--
INFO: [ template_filter ] --START--
INFO: Run Behavior\ContentReplaceBehavior [ RunTime:0.000000s ]
INFO: [ template_filter ] --END-- [ RunTime:0.000000s ]
INFO: Run Behavior\ParseTemplateBehavior [ RunTime:0.056003s ]
INFO: [ view_parse ] --END-- [ RunTime:0.057003s ]
INFO: [ view_filter ] --START--
INFO: Run Behavior\WriteHtmlCacheBehavior [ RunTime:0.001000s ]
INFO: [ view_filter ] --END-- [ RunTime:0.001000s ]
INFO: [ app_end ] --START--
INFO: Run Behavior\ShowPageTraceBehavior [ RunTime:0.001000s ]
INFO: [ app_end ] --END-- [ RunTime:0.001000s ]

[ 2016-06-29T11:36:19+08:00 ] 127.0.0.1 /Charge/Home/Login
INFO: [ app_init ] --START--
INFO: Run Behavior\BuildLiteBehavior [ RunTime:0.000000s ]
INFO: [ app_init ] --END-- [ RunTime:0.000000s ]
INFO: [ app_begin ] --START--
INFO: Run Behavior\ReadHtmlCacheBehavior [ RunTime:0.001000s ]
INFO: [ app_begin ] --END-- [ RunTime:0.001000s ]
INFO: [ view_parse ] --START--
INFO: [ template_filter ] --START--
INFO: Run Behavior\ContentReplaceBehavior [ RunTime:0.000000s ]
INFO: [ template_filter ] --END-- [ RunTime:0.000000s ]
INFO: Run Behavior\ParseTemplateBehavior [ RunTime:0.006001s ]
INFO: [ view_parse ] --END-- [ RunTime:0.006001s ]
INFO: [ view_filter ] --START--
INFO: Run Behavior\WriteHtmlCacheBehavior [ RunTime:0.000000s ]
INFO: [ view_filter ] --END-- [ RunTime:0.000000s ]
INFO: [ app_end ] --START--
INFO: Run Behavior\ShowPageTraceBehavior [ RunTime:0.001000s ]
INFO: [ app_end ] --END-- [ RunTime:0.001000s ]

[ 2016-06-29T11:36:23+08:00 ] 127.0.0.1 /Charge/Home/index.html
INFO: [ app_init ] --START--
INFO: Run Behavior\BuildLiteBehavior [ RunTime:0.000000s ]
INFO: [ app_init ] --END-- [ RunTime:0.001000s ]
INFO: [ app_begin ] --START--
INFO: Run Behavior\ReadHtmlCacheBehavior [ RunTime:0.001000s ]
INFO: [ app_begin ] --END-- [ RunTime:0.001000s ]
SQL: SHOW COLUMNS FROM `db_user` [ RunTime:0.0040s ]
SQL: SHOW COLUMNS FROM `db_user` [ RunTime:0.0020s ]
SQL: UPDATE `db_user` SET `tel`='110' WHERE ( uid='zhangchao' ) [ RunTime:0.0510s ]
INFO: [ app_end ] --START--
INFO: Run Behavior\ShowPageTraceBehavior [ RunTime:0.000000s ]
INFO: [ app_end ] --END-- [ RunTime:0.000000s ]

[ 2016-06-29T11:37:01+08:00 ] 127.0.0.1 /Charge/Home/Login
INFO: [ app_init ] --START--
INFO: Run Behavior\BuildLiteBehavior [ RunTime:0.000000s ]
INFO: [ app_init ] --END-- [ RunTime:0.001000s ]
INFO: [ app_begin ] --START--
INFO: Run Behavior\ReadHtmlCacheBehavior [ RunTime:0.001000s ]
INFO: [ app_begin ] --END-- [ RunTime:0.001000s ]
INFO: [ view_parse ] --START--
INFO: [ template_filter ] --START--
INFO: Run Behavior\ContentReplaceBehavior [ RunTime:0.000000s ]
INFO: [ template_filter ] --END-- [ RunTime:0.000000s ]
INFO: Run Behavior\ParseTemplateBehavior [ RunTime:0.008001s ]
INFO: [ view_parse ] --END-- [ RunTime:0.009001s ]
INFO: [ view_filter ] --START--
INFO: Run Behavior\WriteHtmlCacheBehavior [ RunTime:0.001000s ]
INFO: [ view_filter ] --END-- [ RunTime:0.001000s ]
INFO: [ app_end ] --START--
INFO: Run Behavior\ShowPageTraceBehavior [ RunTime:0.001000s ]
INFO: [ app_end ] --END-- [ RunTime:0.001000s ]

[ 2016-06-29T12:13:19+08:00 ] 127.0.0.1 /Charge/Home/Login
INFO: [ app_init ] --START--
INFO: Run Behavior\BuildLiteBehavior [ RunTime:0.000000s ]
INFO: [ app_init ] --END-- [ RunTime:0.001000s ]
INFO: [ app_begin ] --START--
INFO: Run Behavior\ReadHtmlCacheBehavior [ RunTime:0.000000s ]
INFO: [ app_begin ] --END-- [ RunTime:0.000000s ]
INFO: [ view_parse ] --START--
INFO: [ template_filter ] --START--
INFO: Run Behavior\ContentReplaceBehavior [ RunTime:0.000000s ]
INFO: [ template_filter ] --END-- [ RunTime:0.000000s ]
NOTIC: [8] Undefined variable: uid E:\xampp\htdocs\Charge\Application\Runtime\Cache\Home\5b6adcb62ad2b5dfc2abc2cd5e11dc99.php 第 25 行.
NOTIC: [8] Undefined variable: pwd E:\xampp\htdocs\Charge\Application\Runtime\Cache\Home\5b6adcb62ad2b5dfc2abc2cd5e11dc99.php 第 28 行.
NOTIC: [8] Undefined variable: checked E:\xampp\htdocs\Charge\Application\Runtime\Cache\Home\5b6adcb62ad2b5dfc2abc2cd5e11dc99.php 第 32 行.
INFO: Run Behavior\ParseTemplateBehavior [ RunTime:0.008001s ]
INFO: [ view_parse ] --END-- [ RunTime:0.008001s ]
INFO: [ view_filter ] --START--
INFO: Run Behavior\WriteHtmlCacheBehavior [ RunTime:0.001000s ]
INFO: [ view_filter ] --END-- [ RunTime:0.001000s ]
INFO: [ app_end ] --START--
INFO: Run Behavior\ShowPageTraceBehavior [ RunTime:0.016001s ]
INFO: [ app_end ] --END-- [ RunTime:0.017001s ]

[ 2016-06-29T12:13:20+08:00 ] 127.0.0.1 /Charge/Home/Login
INFO: [ app_init ] --START--
INFO: Run Behavior\BuildLiteBehavior [ RunTime:0.000000s ]
INFO: [ app_init ] --END-- [ RunTime:0.000000s ]
INFO: [ app_begin ] --START--
INFO: Run Behavior\ReadHtmlCacheBehavior [ RunTime:0.001000s ]
INFO: [ app_begin ] --END-- [ RunTime:0.001000s ]
INFO: [ view_parse ] --START--
INFO: [ template_filter ] --START--
INFO: Run Behavior\ContentReplaceBehavior [ RunTime:0.001000s ]
INFO: [ template_filter ] --END-- [ RunTime:0.001000s ]
NOTIC: [8] Undefined variable: uid E:\xampp\htdocs\Charge\Application\Runtime\Cache\Home\5b6adcb62ad2b5dfc2abc2cd5e11dc99.php 第 25 行.
NOTIC: [8] Undefined variable: pwd E:\xampp\htdocs\Charge\Application\Runtime\Cache\Home\5b6adcb62ad2b5dfc2abc2cd5e11dc99.php 第 28 行.
NOTIC: [8] Undefined variable: checked E:\xampp\htdocs\Charge\Application\Runtime\Cache\Home\5b6adcb62ad2b5dfc2abc2cd5e11dc99.php 第 32 行.
INFO: Run Behavior\ParseTemplateBehavior [ RunTime:0.005001s ]
INFO: [ view_parse ] --END-- [ RunTime:0.005001s ]
INFO: [ view_filter ] --START--
INFO: Run Behavior\WriteHtmlCacheBehavior [ RunTime:0.000000s ]
INFO: [ view_filter ] --END-- [ RunTime:0.000000s ]
INFO: [ app_end ] --START--
INFO: Run Behavior\ShowPageTraceBehavior [ RunTime:0.001000s ]
INFO: [ app_end ] --END-- [ RunTime:0.001000s ]

[ 2016-06-29T12:13:20+08:00 ] 127.0.0.1 /Charge/Home/Login
INFO: [ app_init ] --START--
INFO: Run Behavior\BuildLiteBehavior [ RunTime:0.000000s ]
INFO: [ app_init ] --END-- [ RunTime:0.000000s ]
INFO: [ app_begin ] --START--
INFO: Run Behavior\ReadHtmlCacheBehavior [ RunTime:0.000000s ]
INFO: [ app_begin ] --END-- [ RunTime:0.000000s ]
INFO: [ view_parse ] --START--
INFO: [ template_filter ] --START--
INFO: Run Behavior\ContentReplaceBehavior [ RunTime:0.000000s ]
INFO: [ template_filter ] --END-- [ RunTime:0.000000s ]
NOTIC: [8] Undefined variable: uid E:\xampp\htdocs\Charge\Application\Runtime\Cache\Home\5b6adcb62ad2b5dfc2abc2cd5e11dc99.php 第 25 行.
NOTIC: [8] Undefined variable: pwd E:\xampp\htdocs\Charge\Application\Runtime\Cache\Home\5b6adcb62ad2b5dfc2abc2cd5e11dc99.php 第 28 行.
NOTIC: [8] Undefined variable: checked E:\xampp\htdocs\Charge\Application\Runtime\Cache\Home\5b6adcb62ad2b5dfc2abc2cd5e11dc99.php 第 32 行.
INFO: Run Behavior\ParseTemplateBehavior [ RunTime:0.006000s ]
INFO: [ view_parse ] --END-- [ RunTime:0.006000s ]
INFO: [ view_filter ] --START--
INFO: Run Behavior\WriteHtmlCacheBehavior [ RunTime:0.001001s ]
INFO: [ view_filter ] --END-- [ RunTime:0.001001s ]
INFO: [ app_end ] --START--
INFO: Run Behavior\ShowPageTraceBehavior [ RunTime:0.000000s ]
INFO: [ app_end ] --END-- [ RunTime:0.000000s ]

[ 2016-06-29T12:17:03+08:00 ] 127.0.0.1 /Charge/Home/Login
INFO: [ app_init ] --START--
INFO: Run Behavior\BuildLiteBehavior [ RunTime:0.000000s ]
INFO: [ app_init ] --END-- [ RunTime:0.002000s ]
INFO: [ app_begin ] --START--
INFO: Run Behavior\ReadHtmlCacheBehavior [ RunTime:0.001000s ]
INFO: [ app_begin ] --END-- [ RunTime:0.001000s ]
INFO: [ view_parse ] --START--
INFO: [ template_filter ] --START--
INFO: Run Behavior\ContentReplaceBehavior [ RunTime:0.000000s ]
INFO: [ template_filter ] --END-- [ RunTime:0.000000s ]
NOTIC: [8] Undefined variable: uid E:\xampp\htdocs\Charge\Application\Runtime\Cache\Home\5b6adcb62ad2b5dfc2abc2cd5e11dc99.php 第 25 行.
NOTIC: [8] Undefined variable: pwd E:\xampp\htdocs\Charge\Application\Runtime\Cache\Home\5b6adcb62ad2b5dfc2abc2cd5e11dc99.php 第 28 行.
NOTIC: [8] Undefined variable: checked E:\xampp\htdocs\Charge\Application\Runtime\Cache\Home\5b6adcb62ad2b5dfc2abc2cd5e11dc99.php 第 32 行.
INFO: Run Behavior\ParseTemplateBehavior [ RunTime:0.023002s ]
INFO: [ view_parse ] --END-- [ RunTime:0.023002s ]
INFO: [ view_filter ] --START--
INFO: Run Behavior\WriteHtmlCacheBehavior [ RunTime:0.000000s ]
INFO: [ view_filter ] --END-- [ RunTime:0.000000s ]
INFO: [ app_end ] --START--
INFO: Run Behavior\ShowPageTraceBehavior [ RunTime:0.000000s ]
INFO: [ app_end ] --END-- [ RunTime:0.001000s ]

[ 2016-06-29T12:17:04+08:00 ] 127.0.0.1 /Charge/Home/Login
INFO: [ app_init ] --START--
INFO: Run Behavior\BuildLiteBehavior [ RunTime:0.000000s ]
INFO: [ app_init ] --END-- [ RunTime:0.000000s ]
INFO: [ app_begin ] --START--
INFO: Run Behavior\ReadHtmlCacheBehavior [ RunTime:0.001000s ]
INFO: [ app_begin ] --END-- [ RunTime:0.001000s ]
INFO: [ view_parse ] --START--
INFO: [ template_filter ] --START--
INFO: Run Behavior\ContentReplaceBehavior [ RunTime:0.000000s ]
INFO: [ template_filter ] --END-- [ RunTime:0.000000s ]
NOTIC: [8] Undefined variable: uid E:\xampp\htdocs\Charge\Application\Runtime\Cache\Home\5b6adcb62ad2b5dfc2abc2cd5e11dc99.php 第 25 行.
NOTIC: [8] Undefined variable: pwd E:\xampp\htdocs\Charge\Application\Runtime\Cache\Home\5b6adcb62ad2b5dfc2abc2cd5e11dc99.php 第 28 行.
NOTIC: [8] Undefined variable: checked E:\xampp\htdocs\Charge\Application\Runtime\Cache\Home\5b6adcb62ad2b5dfc2abc2cd5e11dc99.php 第 32 行.
INFO: Run Behavior\ParseTemplateBehavior [ RunTime:0.004001s ]
INFO: [ view_parse ] --END-- [ RunTime:0.004001s ]
INFO: [ view_filter ] --START--
INFO: Run Behavior\WriteHtmlCacheBehavior [ RunTime:0.000000s ]
INFO: [ view_filter ] --END-- [ RunTime:0.001000s ]
INFO: [ app_end ] --START--
INFO: Run Behavior\ShowPageTraceBehavior [ RunTime:0.000000s ]
INFO: [ app_end ] --END-- [ RunTime:0.000000s ]

[ 2016-06-29T12:17:05+08:00 ] 127.0.0.1 /Charge/Home/Login
INFO: [ app_init ] --START--
INFO: Run Behavior\BuildLiteBehavior [ RunTime:0.000000s ]
INFO: [ app_init ] --END-- [ RunTime:0.000000s ]
INFO: [ app_begin ] --START--
INFO: Run Behavior\ReadHtmlCacheBehavior [ RunTime:0.000000s ]
INFO: [ app_begin ] --END-- [ RunTime:0.000000s ]
INFO: [ view_parse ] --START--
INFO: [ template_filter ] --START--
INFO: Run Behavior\ContentReplaceBehavior [ RunTime:0.000000s ]
INFO: [ template_filter ] --END-- [ RunTime:0.000000s ]
NOTIC: [8] Undefined variable: uid E:\xampp\htdocs\Charge\Application\Runtime\Cache\Home\5b6adcb62ad2b5dfc2abc2cd5e11dc99.php 第 25 行.
NOTIC: [8] Undefined variable: pwd E:\xampp\htdocs\Charge\Application\Runtime\Cache\Home\5b6adcb62ad2b5dfc2abc2cd5e11dc99.php 第 28 行.
NOTIC: [8] Undefined variable: checked E:\xampp\htdocs\Charge\Application\Runtime\Cache\Home\5b6adcb62ad2b5dfc2abc2cd5e11dc99.php 第 32 行.
INFO: Run Behavior\ParseTemplateBehavior [ RunTime:0.005000s ]
INFO: [ view_parse ] --END-- [ RunTime:0.005000s ]
INFO: [ view_filter ] --START--
INFO: Run Behavior\WriteHtmlCacheBehavior [ RunTime:0.001000s ]
INFO: [ view_filter ] --END-- [ RunTime:0.001000s ]
INFO: [ app_end ] --START--
INFO: Run Behavior\ShowPageTraceBehavior [ RunTime:0.000000s ]
INFO: [ app_end ] --END-- [ RunTime:0.000000s ]

[ 2016-06-29T12:17:07+08:00 ] 127.0.0.1 /Charge/index.php/Home/Login/login
INFO: [ app_init ] --START--
INFO: Run Behavior\BuildLiteBehavior [ RunTime:0.000000s ]
INFO: [ app_init ] --END-- [ RunTime:0.000000s ]
INFO: [ app_begin ] --START--
INFO: Run Behavior\ReadHtmlCacheBehavior [ RunTime:0.000000s ]
INFO: [ app_begin ] --END-- [ RunTime:0.001000s ]
INFO: [ app_end ] --START--
INFO: Run Behavior\ShowPageTraceBehavior [ RunTime:0.001000s ]
INFO: [ app_end ] --END-- [ RunTime:0.001000s ]

[ 2016-06-29T12:17:22+08:00 ] 127.0.0.1 /Charge/index.php/Home/Login/login
INFO: [ app_init ] --START--
INFO: Run Behavior\BuildLiteBehavior [ RunTime:0.000000s ]
INFO: [ app_init ] --END-- [ RunTime:0.001000s ]
INFO: [ app_begin ] --START--
INFO: Run Behavior\ReadHtmlCacheBehavior [ RunTime:0.002000s ]
INFO: [ app_begin ] --END-- [ RunTime:0.002000s ]
NOTIC: [8] Array to string conversion E:\xampp\htdocs\Charge\Application\Home\Controller\LoginController.class.php 第 29 行.
INFO: [ app_end ] --START--
INFO: Run Behavior\ShowPageTraceBehavior [ RunTime:0.001000s ]
INFO: [ app_end ] --END-- [ RunTime:0.001000s ]

[ 2016-06-29T13:22:19+08:00 ] 127.0.0.1 /Charge/index.php/Home
INFO: [ app_init ] --START--
INFO: Run Behavior\BuildLiteBehavior [ RunTime:0.000000s ]
INFO: [ app_init ] --END-- [ RunTime:0.000000s ]
INFO: [ app_begin ] --START--
INFO: Run Behavior\ReadHtmlCacheBehavior [ RunTime:0.001000s ]
INFO: [ app_begin ] --END-- [ RunTime:0.001000s ]
INFO: [ view_parse ] --START--
INFO: [ template_filter ] --START--
INFO: Run Behavior\ContentReplaceBehavior [ RunTime:0.000000s ]
INFO: [ template_filter ] --END-- [ RunTime:0.000000s ]
NOTIC: [8] A session had already been started - ignoring session_start() E:\xampp\htdocs\Charge\Application\Runtime\Cache\Home\2a94b8bda04ff446dcedd42276fc99ee.php 第 1 行.
NOTIC: [2] include(check.php): failed to open stream: No such file or directory E:\xampp\htdocs\Charge\Application\Runtime\Cache\Home\2a94b8bda04ff446dcedd42276fc99ee.php 第 16 行.
NOTIC: [2] include(): Failed opening 'check.php' for inclusion (include_path='.;E:\xampp\php\PEAR') E:\xampp\htdocs\Charge\Application\Runtime\Cache\Home\2a94b8bda04ff446dcedd42276fc99ee.php 第 16 行.
NOTIC: [2] include(header.php): failed to open stream: No such file or directory E:\xampp\htdocs\Charge\Application\Runtime\Cache\Home\2a94b8bda04ff446dcedd42276fc99ee.php 第 17 行.
NOTIC: [2] include(): Failed opening 'header.php' for inclusion (include_path='.;E:\xampp\php\PEAR') E:\xampp\htdocs\Charge\Application\Runtime\Cache\Home\2a94b8bda04ff446dcedd42276fc99ee.php 第 17 行.
NOTIC: [2] include(menu.php): failed to open stream: No such file or directory E:\xampp\htdocs\Charge\Application\Runtime\Cache\Home\2a94b8bda04ff446dcedd42276fc99ee.php 第 19 行.
NOTIC: [2] include(): Failed opening 'menu.php' for inclusion (include_path='.;E:\xampp\php\PEAR') E:\xampp\htdocs\Charge\Application\Runtime\Cache\Home\2a94b8bda04ff446dcedd42276fc99ee.php 第 19 行.
NOTIC: [2] include(function.php): failed to open stream: No such file or directory E:\xampp\htdocs\Charge\Application\Runtime\Cache\Home\2a94b8bda04ff446dcedd42276fc99ee.php 第 54 行.
NOTIC: [2] include(): Failed opening 'function.php' for inclusion (include_path='.;E:\xampp\php\PEAR') E:\xampp\htdocs\Charge\Application\Runtime\Cache\Home\2a94b8bda04ff446dcedd42276fc99ee.php 第 54 行.

[ 2016-06-29T13:22:35+08:00 ] 127.0.0.1 /Charge/index.php/Home
INFO: [ app_init ] --START--
INFO: Run Behavior\BuildLiteBehavior [ RunTime:0.000000s ]
INFO: [ app_init ] --END-- [ RunTime:0.000000s ]
INFO: [ app_begin ] --START--
INFO: Run Behavior\ReadHtmlCacheBehavior [ RunTime:0.000000s ]
INFO: [ app_begin ] --END-- [ RunTime:0.000000s ]
INFO: [ view_parse ] --START--
INFO: [ template_filter ] --START--
INFO: Run Behavior\ContentReplaceBehavior [ RunTime:0.000000s ]
INFO: [ template_filter ] --END-- [ RunTime:0.000000s ]
NOTIC: [8] A session had already been started - ignoring session_start() E:\xampp\htdocs\Charge\Application\Runtime\Cache\Home\2a94b8bda04ff446dcedd42276fc99ee.php 第 1 行.
NOTIC: [2] include(check.php): failed to open stream: No such file or directory E:\xampp\htdocs\Charge\Application\Runtime\Cache\Home\2a94b8bda04ff446dcedd42276fc99ee.php 第 16 行.
NOTIC: [2] include(): Failed opening 'check.php' for inclusion (include_path='.;E:\xampp\php\PEAR') E:\xampp\htdocs\Charge\Application\Runtime\Cache\Home\2a94b8bda04ff446dcedd42276fc99ee.php 第 16 行.
NOTIC: [2] include(header.php): failed to open stream: No such file or directory E:\xampp\htdocs\Charge\Application\Runtime\Cache\Home\2a94b8bda04ff446dcedd42276fc99ee.php 第 17 行.
NOTIC: [2] include(): Failed opening 'header.php' for inclusion (include_path='.;E:\xampp\php\PEAR') E:\xampp\htdocs\Charge\Application\Runtime\Cache\Home\2a94b8bda04ff446dcedd42276fc99ee.php 第 17 行.
NOTIC: [2] include(menu.php): failed to open stream: No such file or directory E:\xampp\htdocs\Charge\Application\Runtime\Cache\Home\2a94b8bda04ff446dcedd42276fc99ee.php 第 19 行.
NOTIC: [2] include(): Failed opening 'menu.php' for inclusion (include_path='.;E:\xampp\php\PEAR') E:\xampp\htdocs\Charge\Application\Runtime\Cache\Home\2a94b8bda04ff446dcedd42276fc99ee.php 第 19 行.
NOTIC: [2] include(function.php): failed to open stream: No such file or directory E:\xampp\htdocs\Charge\Application\Runtime\Cache\Home\2a94b8bda04ff446dcedd42276fc99ee.php 第 54 行.
NOTIC: [2] include(): Failed opening 'function.php' for inclusion (include_path='.;E:\xampp\php\PEAR') E:\xampp\htdocs\Charge\Application\Runtime\Cache\Home\2a94b8bda04ff446dcedd42276fc99ee.php 第 54 行.

[ 2016-06-29T13:22:36+08:00 ] 127.0.0.1 /Charge/index.php/Home
INFO: [ app_init ] --START--
INFO: Run Behavior\BuildLiteBehavior [ RunTime:0.000000s ]
INFO: [ app_init ] --END-- [ RunTime:0.000000s ]
INFO: [ app_begin ] --START--
INFO: Run Behavior\ReadHtmlCacheBehavior [ RunTime:0.001000s ]
INFO: [ app_begin ] --END-- [ RunTime:0.001000s ]
INFO: [ view_parse ] --START--
INFO: [ template_filter ] --START--
INFO: Run Behavior\ContentReplaceBehavior [ RunTime:0.000000s ]
INFO: [ template_filter ] --END-- [ RunTime:0.000000s ]
NOTIC: [8] A session had already been started - ignoring session_start() E:\xampp\htdocs\Charge\Application\Runtime\Cache\Home\2a94b8bda04ff446dcedd42276fc99ee.php 第 1 行.
NOTIC: [2] include(check.php): failed to open stream: No such file or directory E:\xampp\htdocs\Charge\Application\Runtime\Cache\Home\2a94b8bda04ff446dcedd42276fc99ee.php 第 16 行.
NOTIC: [2] include(): Failed opening 'check.php' for inclusion (include_path='.;E:\xampp\php\PEAR') E:\xampp\htdocs\Charge\Application\Runtime\Cache\Home\2a94b8bda04ff446dcedd42276fc99ee.php 第 16 行.
NOTIC: [2] include(header.php): failed to open stream: No such file or directory E:\xampp\htdocs\Charge\Application\Runtime\Cache\Home\2a94b8bda04ff446dcedd42276fc99ee.php 第 17 行.
NOTIC: [2] include(): Failed opening 'header.php' for inclusion (include_path='.;E:\xampp\php\PEAR') E:\xampp\htdocs\Charge\Application\Runtime\Cache\Home\2a94b8bda04ff446dcedd42276fc99ee.php 第 17 行.
NOTIC: [2] include(menu.php): failed to open stream: No such file or directory E:\xampp\htdocs\Charge\Application\Runtime\Cache\Home\2a94b8bda04ff446dcedd42276fc99ee.php 第 19 行.
NOTIC: [2] include(): Failed opening 'menu.php' for inclusion (include_path='.;E:\xampp\php\PEAR') E:\xampp\htdocs\Charge\Application\Runtime\Cache\Home\2a94b8bda04ff446dcedd42276fc99ee.php 第 19 行.
NOTIC: [2] include(function.php): failed to open stream: No such file or directory E:\xampp\htdocs\Charge\Application\Runtime\Cache\Home\2a94b8bda04ff446dcedd42276fc99ee.php 第 54 行.
NOTIC: [2] include(): Failed opening 'function.php' for inclusion (include_path='.;E:\xampp\php\PEAR') E:\xampp\htdocs\Charge\Application\Runtime\Cache\Home\2a94b8bda04ff446dcedd42276fc99ee.php 第 54 行.

[ 2016-06-29T13:22:47+08:00 ] 127.0.0.1 /Charge/index.php/Home
INFO: [ app_init ] --START--
INFO: Run Behavior\BuildLiteBehavior [ RunTime:0.000000s ]
INFO: [ app_init ] --END-- [ RunTime:0.001000s ]
INFO: [ app_begin ] --START--
INFO: Run Behavior\ReadHtmlCacheBehavior [ RunTime:0.000000s ]
INFO: [ app_begin ] --END-- [ RunTime:0.001000s ]
INFO: [ view_parse ] --START--
INFO: [ template_filter ] --START--
INFO: Run Behavior\ContentReplaceBehavior [ RunTime:0.000000s ]
INFO: [ template_filter ] --END-- [ RunTime:0.000000s ]
NOTIC: [8] A session had already been started - ignoring session_start() E:\xampp\htdocs\Charge\Application\Runtime\Cache\Home\2a94b8bda04ff446dcedd42276fc99ee.php 第 1 行.
NOTIC: [2] include(check.php): failed to open stream: No such file or directory E:\xampp\htdocs\Charge\Application\Runtime\Cache\Home\2a94b8bda04ff446dcedd42276fc99ee.php 第 16 行.
NOTIC: [2] include(): Failed opening 'check.php' for inclusion (include_path='.;E:\xampp\php\PEAR') E:\xampp\htdocs\Charge\Application\Runtime\Cache\Home\2a94b8bda04ff446dcedd42276fc99ee.php 第 16 行.
NOTIC: [2] include(header.php): failed to open stream: No such file or directory E:\xampp\htdocs\Charge\Application\Runtime\Cache\Home\2a94b8bda04ff446dcedd42276fc99ee.php 第 17 行.
NOTIC: [2] include(): Failed opening 'header.php' for inclusion (include_path='.;E:\xampp\php\PEAR') E:\xampp\htdocs\Charge\Application\Runtime\Cache\Home\2a94b8bda04ff446dcedd42276fc99ee.php 第 17 行.
NOTIC: [2] include(menu.php): failed to open stream: No such file or directory E:\xampp\htdocs\Charge\Application\Runtime\Cache\Home\2a94b8bda04ff446dcedd42276fc99ee.php 第 19 行.
NOTIC: [2] include(): Failed opening 'menu.php' for inclusion (include_path='.;E:\xampp\php\PEAR') E:\xampp\htdocs\Charge\Application\Runtime\Cache\Home\2a94b8bda04ff446dcedd42276fc99ee.php 第 19 行.
NOTIC: [2] include(function.php): failed to open stream: No such file or directory E:\xampp\htdocs\Charge\Application\Runtime\Cache\Home\2a94b8bda04ff446dcedd42276fc99ee.php 第 54 行.
NOTIC: [2] include(): Failed opening 'function.php' for inclusion (include_path='.;E:\xampp\php\PEAR') E:\xampp\htdocs\Charge\Application\Runtime\Cache\Home\2a94b8bda04ff446dcedd42276fc99ee.php 第 54 行.

[ 2016-06-29T13:22:48+08:00 ] 127.0.0.1 /Charge/index.php/Home
INFO: [ app_init ] --START--
INFO: Run Behavior\BuildLiteBehavior [ RunTime:0.000000s ]
INFO: [ app_init ] --END-- [ RunTime:0.000000s ]
INFO: [ app_begin ] --START--
INFO: Run Behavior\ReadHtmlCacheBehavior [ RunTime:0.000000s ]
INFO: [ app_begin ] --END-- [ RunTime:0.000000s ]
INFO: [ view_parse ] --START--
INFO: [ template_filter ] --START--
INFO: Run Behavior\ContentReplaceBehavior [ RunTime:0.000000s ]
INFO: [ template_filter ] --END-- [ RunTime:0.000000s ]
NOTIC: [8] A session had already been started - ignoring session_start() E:\xampp\htdocs\Charge\Application\Runtime\Cache\Home\2a94b8bda04ff446dcedd42276fc99ee.php 第 1 行.
NOTIC: [2] include(check.php): failed to open stream: No such file or directory E:\xampp\htdocs\Charge\Application\Runtime\Cache\Home\2a94b8bda04ff446dcedd42276fc99ee.php 第 16 行.
NOTIC: [2] include(): Failed opening 'check.php' for inclusion (include_path='.;E:\xampp\php\PEAR') E:\xampp\htdocs\Charge\Application\Runtime\Cache\Home\2a94b8bda04ff446dcedd42276fc99ee.php 第 16 行.
NOTIC: [2] include(header.php): failed to open stream: No such file or directory E:\xampp\htdocs\Charge\Application\Runtime\Cache\Home\2a94b8bda04ff446dcedd42276fc99ee.php 第 17 行.
NOTIC: [2] include(): Failed opening 'header.php' for inclusion (include_path='.;E:\xampp\php\PEAR') E:\xampp\htdocs\Charge\Application\Runtime\Cache\Home\2a94b8bda04ff446dcedd42276fc99ee.php 第 17 行.
NOTIC: [2] include(menu.php): failed to open stream: No such file or directory E:\xampp\htdocs\Charge\Application\Runtime\Cache\Home\2a94b8bda04ff446dcedd42276fc99ee.php 第 19 行.
NOTIC: [2] include(): Failed opening 'menu.php' for inclusion (include_path='.;E:\xampp\php\PEAR') E:\xampp\htdocs\Charge\Application\Runtime\Cache\Home\2a94b8bda04ff446dcedd42276fc99ee.php 第 19 行.
NOTIC: [2] include(function.php): failed to open stream: No such file or directory E:\xampp\htdocs\Charge\Application\Runtime\Cache\Home\2a94b8bda04ff446dcedd42276fc99ee.php 第 54 行.
NOTIC: [2] include(): Failed opening 'function.php' for inclusion (include_path='.;E:\xampp\php\PEAR') E:\xampp\htdocs\Charge\Application\Runtime\Cache\Home\2a94b8bda04ff446dcedd42276fc99ee.php 第 54 行.

[ 2016-06-29T13:23:16+08:00 ] 127.0.0.1 /Charge/index.php/Home
INFO: [ app_init ] --START--
INFO: Run Behavior\BuildLiteBehavior [ RunTime:0.000000s ]
INFO: [ app_init ] --END-- [ RunTime:0.001000s ]
INFO: [ app_begin ] --START--
INFO: Run Behavior\ReadHtmlCacheBehavior [ RunTime:0.001001s ]
INFO: [ app_begin ] --END-- [ RunTime:0.001001s ]
INFO: [ view_parse ] --START--
INFO: [ template_filter ] --START--
INFO: Run Behavior\ContentReplaceBehavior [ RunTime:0.000000s ]
INFO: [ template_filter ] --END-- [ RunTime:0.000000s ]
NOTIC: [8] A session had already been started - ignoring session_start() E:\xampp\htdocs\Charge\Application\Runtime\Cache\Home\2a94b8bda04ff446dcedd42276fc99ee.php 第 1 行.
NOTIC: [2] include(check.php): failed to open stream: No such file or directory E:\xampp\htdocs\Charge\Application\Runtime\Cache\Home\2a94b8bda04ff446dcedd42276fc99ee.php 第 16 行.
NOTIC: [2] include(): Failed opening 'check.php' for inclusion (include_path='.;E:\xampp\php\PEAR') E:\xampp\htdocs\Charge\Application\Runtime\Cache\Home\2a94b8bda04ff446dcedd42276fc99ee.php 第 16 行.
NOTIC: [2] include(header.php): failed to open stream: No such file or directory E:\xampp\htdocs\Charge\Application\Runtime\Cache\Home\2a94b8bda04ff446dcedd42276fc99ee.php 第 17 行.
NOTIC: [2] include(): Failed opening 'header.php' for inclusion (include_path='.;E:\xampp\php\PEAR') E:\xampp\htdocs\Charge\Application\Runtime\Cache\Home\2a94b8bda04ff446dcedd42276fc99ee.php 第 17 行.
NOTIC: [2] include(menu.php): failed to open stream: No such file or directory E:\xampp\htdocs\Charge\Application\Runtime\Cache\Home\2a94b8bda04ff446dcedd42276fc99ee.php 第 19 行.
NOTIC: [2] include(): Failed opening 'menu.php' for inclusion (include_path='.;E:\xampp\php\PEAR') E:\xampp\htdocs\Charge\Application\Runtime\Cache\Home\2a94b8bda04ff446dcedd42276fc99ee.php 第 19 行.
NOTIC: [2] include(function.php): failed to open stream: No such file or directory E:\xampp\htdocs\Charge\Application\Runtime\Cache\Home\2a94b8bda04ff446dcedd42276fc99ee.php 第 54 行.
NOTIC: [2] include(): Failed opening 'function.php' for inclusion (include_path='.;E:\xampp\php\PEAR') E:\xampp\htdocs\Charge\Application\Runtime\Cache\Home\2a94b8bda04ff446dcedd42276fc99ee.php 第 54 行.

[ 2016-06-29T13:23:16+08:00 ] 127.0.0.1 /Charge/index.php/Home
INFO: [ app_init ] --START--
INFO: Run Behavior\BuildLiteBehavior [ RunTime:0.000000s ]
INFO: [ app_init ] --END-- [ RunTime:0.001000s ]
INFO: [ app_begin ] --START--
INFO: Run Behavior\ReadHtmlCacheBehavior [ RunTime:0.000000s ]
INFO: [ app_begin ] --END-- [ RunTime:0.000000s ]
INFO: [ view_parse ] --START--
INFO: [ template_filter ] --START--
INFO: Run Behavior\ContentReplaceBehavior [ RunTime:0.000000s ]
INFO: [ template_filter ] --END-- [ RunTime:0.000000s ]
NOTIC: [8] A session had already been started - ignoring session_start() E:\xampp\htdocs\Charge\Application\Runtime\Cache\Home\2a94b8bda04ff446dcedd42276fc99ee.php 第 1 行.
NOTIC: [2] include(check.php): failed to open stream: No such file or directory E:\xampp\htdocs\Charge\Application\Runtime\Cache\Home\2a94b8bda04ff446dcedd42276fc99ee.php 第 16 行.
NOTIC: [2] include(): Failed opening 'check.php' for inclusion (include_path='.;E:\xampp\php\PEAR') E:\xampp\htdocs\Charge\Application\Runtime\Cache\Home\2a94b8bda04ff446dcedd42276fc99ee.php 第 16 行.
NOTIC: [2] include(header.php): failed to open stream: No such file or directory E:\xampp\htdocs\Charge\Application\Runtime\Cache\Home\2a94b8bda04ff446dcedd42276fc99ee.php 第 17 行.
NOTIC: [2] include(): Failed opening 'header.php' for inclusion (include_path='.;E:\xampp\php\PEAR') E:\xampp\htdocs\Charge\Application\Runtime\Cache\Home\2a94b8bda04ff446dcedd42276fc99ee.php 第 17 行.
NOTIC: [2] include(menu.php): failed to open stream: No such file or directory E:\xampp\htdocs\Charge\Application\Runtime\Cache\Home\2a94b8bda04ff446dcedd42276fc99ee.php 第 19 行.
NOTIC: [2] include(): Failed opening 'menu.php' for inclusion (include_path='.;E:\xampp\php\PEAR') E:\xampp\htdocs\Charge\Application\Runtime\Cache\Home\2a94b8bda04ff446dcedd42276fc99ee.php 第 19 行.
NOTIC: [2] include(function.php): failed to open stream: No such file or directory E:\xampp\htdocs\Charge\Application\Runtime\Cache\Home\2a94b8bda04ff446dcedd42276fc99ee.php 第 54 行.
NOTIC: [2] include(): Failed opening 'function.php' for inclusion (include_path='.;E:\xampp\php\PEAR') E:\xampp\htdocs\Charge\Application\Runtime\Cache\Home\2a94b8bda04ff446dcedd42276fc99ee.php 第 54 行.

[ 2016-06-29T13:23:17+08:00 ] 127.0.0.1 /Charge/index.php/Home
INFO: [ app_init ] --START--
INFO: Run Behavior\BuildLiteBehavior [ RunTime:0.000000s ]
INFO: [ app_init ] --END-- [ RunTime:0.000000s ]
INFO: [ app_begin ] --START--
INFO: Run Behavior\ReadHtmlCacheBehavior [ RunTime:0.001000s ]
INFO: [ app_begin ] --END-- [ RunTime:0.001000s ]
INFO: [ view_parse ] --START--
INFO: [ template_filter ] --START--
INFO: Run Behavior\ContentReplaceBehavior [ RunTime:0.000000s ]
INFO: [ template_filter ] --END-- [ RunTime:0.000000s ]
NOTIC: [8] A session had already been started - ignoring session_start() E:\xampp\htdocs\Charge\Application\Runtime\Cache\Home\2a94b8bda04ff446dcedd42276fc99ee.php 第 1 行.
NOTIC: [2] include(check.php): failed to open stream: No such file or directory E:\xampp\htdocs\Charge\Application\Runtime\Cache\Home\2a94b8bda04ff446dcedd42276fc99ee.php 第 16 行.
NOTIC: [2] include(): Failed opening 'check.php' for inclusion (include_path='.;E:\xampp\php\PEAR') E:\xampp\htdocs\Charge\Application\Runtime\Cache\Home\2a94b8bda04ff446dcedd42276fc99ee.php 第 16 行.
NOTIC: [2] include(header.php): failed to open stream: No such file or directory E:\xampp\htdocs\Charge\Application\Runtime\Cache\Home\2a94b8bda04ff446dcedd42276fc99ee.php 第 17 行.
NOTIC: [2] include(): Failed opening 'header.php' for inclusion (include_path='.;E:\xampp\php\PEAR') E:\xampp\htdocs\Charge\Application\Runtime\Cache\Home\2a94b8bda04ff446dcedd42276fc99ee.php 第 17 行.
NOTIC: [2] include(menu.php): failed to open stream: No such file or directory E:\xampp\htdocs\Charge\Application\Runtime\Cache\Home\2a94b8bda04ff446dcedd42276fc99ee.php 第 19 行.
NOTIC: [2] include(): Failed opening 'menu.php' for inclusion (include_path='.;E:\xampp\php\PEAR') E:\xampp\htdocs\Charge\Application\Runtime\Cache\Home\2a94b8bda04ff446dcedd42276fc99ee.php 第 19 行.
NOTIC: [2] include(function.php): failed to open stream: No such file or directory E:\xampp\htdocs\Charge\Application\Runtime\Cache\Home\2a94b8bda04ff446dcedd42276fc99ee.php 第 54 行.
NOTIC: [2] include(): Failed opening 'function.php' for inclusion (include_path='.;E:\xampp\php\PEAR') E:\xampp\htdocs\Charge\Application\Runtime\Cache\Home\2a94b8bda04ff446dcedd42276fc99ee.php 第 54 行.

[ 2016-06-29T13:23:28+08:00 ] 127.0.0.1 /Charge/index.php/Home
INFO: [ app_init ] --START--
INFO: Run Behavior\BuildLiteBehavior [ RunTime:0.000000s ]
INFO: [ app_init ] --END-- [ RunTime:0.000000s ]
INFO: [ app_begin ] --START--
INFO: Run Behavior\ReadHtmlCacheBehavior [ RunTime:0.000000s ]
INFO: [ app_begin ] --END-- [ RunTime:0.000000s ]
INFO: [ view_parse ] --START--
INFO: [ template_filter ] --START--
INFO: Run Behavior\ContentReplaceBehavior [ RunTime:0.000000s ]
INFO: [ template_filter ] --END-- [ RunTime:0.001001s ]
NOTIC: [8] A session had already been started - ignoring session_start() E:\xampp\htdocs\Charge\Application\Runtime\Cache\Home\2a94b8bda04ff446dcedd42276fc99ee.php 第 1 行.
NOTIC: [2] include(check.php): failed to open stream: No such file or directory E:\xampp\htdocs\Charge\Application\Runtime\Cache\Home\2a94b8bda04ff446dcedd42276fc99ee.php 第 16 行.
NOTIC: [2] include(): Failed opening 'check.php' for inclusion (include_path='.;E:\xampp\php\PEAR') E:\xampp\htdocs\Charge\Application\Runtime\Cache\Home\2a94b8bda04ff446dcedd42276fc99ee.php 第 16 行.
NOTIC: [2] include(header.php): failed to open stream: No such file or directory E:\xampp\htdocs\Charge\Application\Runtime\Cache\Home\2a94b8bda04ff446dcedd42276fc99ee.php 第 17 行.
NOTIC: [2] include(): Failed opening 'header.php' for inclusion (include_path='.;E:\xampp\php\PEAR') E:\xampp\htdocs\Charge\Application\Runtime\Cache\Home\2a94b8bda04ff446dcedd42276fc99ee.php 第 17 行.
NOTIC: [2] include(menu.php): failed to open stream: No such file or directory E:\xampp\htdocs\Charge\Application\Runtime\Cache\Home\2a94b8bda04ff446dcedd42276fc99ee.php 第 19 行.
NOTIC: [2] include(): Failed opening 'menu.php' for inclusion (include_path='.;E:\xampp\php\PEAR') E:\xampp\htdocs\Charge\Application\Runtime\Cache\Home\2a94b8bda04ff446dcedd42276fc99ee.php 第 19 行.
INFO: Run Behavior\ParseTemplateBehavior [ RunTime:0.016001s ]
INFO: [ view_parse ] --END-- [ RunTime:0.016001s ]
INFO: [ view_filter ] --START--
INFO: Run Behavior\WriteHtmlCacheBehavior [ RunTime:0.000000s ]
INFO: [ view_filter ] --END-- [ RunTime:0.000000s ]
INFO: [ app_end ] --START--
INFO: Run Behavior\ShowPageTraceBehavior [ RunTime:0.001000s ]
INFO: [ app_end ] --END-- [ RunTime:0.001000s ]

[ 2016-06-29T13:23:30+08:00 ] 127.0.0.1 /Charge/index.php/Home
INFO: [ app_init ] --START--
INFO: Run Behavior\BuildLiteBehavior [ RunTime:0.000000s ]
INFO: [ app_init ] --END-- [ RunTime:0.000000s ]
INFO: [ app_begin ] --START--
INFO: Run Behavior\ReadHtmlCacheBehavior [ RunTime:0.000000s ]
INFO: [ app_begin ] --END-- [ RunTime:0.000000s ]
INFO: [ view_parse ] --START--
INFO: [ template_filter ] --START--
INFO: Run Behavior\ContentReplaceBehavior [ RunTime:0.000000s ]
INFO: [ template_filter ] --END-- [ RunTime:0.000000s ]
NOTIC: [8] A session had already been started - ignoring session_start() E:\xampp\htdocs\Charge\Application\Runtime\Cache\Home\2a94b8bda04ff446dcedd42276fc99ee.php 第 1 行.
NOTIC: [2] include(check.php): failed to open stream: No such file or directory E:\xampp\htdocs\Charge\Application\Runtime\Cache\Home\2a94b8bda04ff446dcedd42276fc99ee.php 第 16 行.
NOTIC: [2] include(): Failed opening 'check.php' for inclusion (include_path='.;E:\xampp\php\PEAR') E:\xampp\htdocs\Charge\Application\Runtime\Cache\Home\2a94b8bda04ff446dcedd42276fc99ee.php 第 16 行.
NOTIC: [2] include(header.php): failed to open stream: No such file or directory E:\xampp\htdocs\Charge\Application\Runtime\Cache\Home\2a94b8bda04ff446dcedd42276fc99ee.php 第 17 行.
NOTIC: [2] include(): Failed opening 'header.php' for inclusion (include_path='.;E:\xampp\php\PEAR') E:\xampp\htdocs\Charge\Application\Runtime\Cache\Home\2a94b8bda04ff446dcedd42276fc99ee.php 第 17 行.
NOTIC: [2] include(menu.php): failed to open stream: No such file or directory E:\xampp\htdocs\Charge\Application\Runtime\Cache\Home\2a94b8bda04ff446dcedd42276fc99ee.php 第 19 行.
NOTIC: [2] include(): Failed opening 'menu.php' for inclusion (include_path='.;E:\xampp\php\PEAR') E:\xampp\htdocs\Charge\Application\Runtime\Cache\Home\2a94b8bda04ff446dcedd42276fc99ee.php 第 19 行.
INFO: Run Behavior\ParseTemplateBehavior [ RunTime:0.005001s ]
INFO: [ view_parse ] --END-- [ RunTime:0.005001s ]
INFO: [ view_filter ] --START--
INFO: Run Behavior\WriteHtmlCacheBehavior [ RunTime:0.000000s ]
INFO: [ view_filter ] --END-- [ RunTime:0.000000s ]
INFO: [ app_end ] --START--
INFO: Run Behavior\ShowPageTraceBehavior [ RunTime:0.001000s ]
INFO: [ app_end ] --END-- [ RunTime:0.001000s ]

[ 2016-06-29T13:24:27+08:00 ] 127.0.0.1 /Charge/index.php/Home
INFO: [ app_init ] --START--
INFO: Run Behavior\BuildLiteBehavior [ RunTime:0.000000s ]
INFO: [ app_init ] --END-- [ RunTime:0.002000s ]
INFO: [ app_begin ] --START--
INFO: Run Behavior\ReadHtmlCacheBehavior [ RunTime:0.001000s ]
INFO: [ app_begin ] --END-- [ RunTime:0.001000s ]

[ 2016-06-29T13:26:00+08:00 ] 127.0.0.1 /Charge/index.php/
INFO: [ app_init ] --START--
INFO: Run Behavior\BuildLiteBehavior [ RunTime:0.000000s ]
INFO: [ app_init ] --END-- [ RunTime:0.001000s ]
INFO: [ app_begin ] --START--
INFO: Run Behavior\ReadHtmlCacheBehavior [ RunTime:0.001000s ]
INFO: [ app_begin ] --END-- [ RunTime:0.001000s ]

[ 2016-06-29T13:26:17+08:00 ] 127.0.0.1 /Charge/index.php/
INFO: [ app_init ] --START--
INFO: Run Behavior\BuildLiteBehavior [ RunTime:0.000000s ]
INFO: [ app_init ] --END-- [ RunTime:0.001000s ]
INFO: [ app_begin ] --START--
INFO: Run Behavior\ReadHtmlCacheBehavior [ RunTime:0.002000s ]
INFO: [ app_begin ] --END-- [ RunTime:0.002000s ]

[ 2016-06-29T13:26:27+08:00 ] 127.0.0.1 /Charge/index.php/
INFO: [ app_init ] --START--
INFO: Run Behavior\BuildLiteBehavior [ RunTime:0.000000s ]
INFO: [ app_init ] --END-- [ RunTime:0.000000s ]
INFO: [ app_begin ] --START--
INFO: Run Behavior\ReadHtmlCacheBehavior [ RunTime:0.001000s ]
INFO: [ app_begin ] --END-- [ RunTime:0.001000s ]

[ 2016-06-29T13:26:56+08:00 ] 127.0.0.1 /Charge/index.php/
INFO: [ app_init ] --START--
INFO: Run Behavior\BuildLiteBehavior [ RunTime:0.000000s ]
INFO: [ app_init ] --END-- [ RunTime:0.000000s ]
INFO: [ app_begin ] --START--
INFO: Run Behavior\ReadHtmlCacheBehavior [ RunTime:0.000000s ]
INFO: [ app_begin ] --END-- [ RunTime:0.000000s ]

[ 2016-06-29T13:28:08+08:00 ] 127.0.0.1 /Charge/index.php/
INFO: [ app_init ] --START--
INFO: Run Behavior\BuildLiteBehavior [ RunTime:0.000000s ]
INFO: [ app_init ] --END-- [ RunTime:0.000000s ]
INFO: [ app_begin ] --START--
INFO: Run Behavior\ReadHtmlCacheBehavior [ RunTime:0.000000s ]
INFO: [ app_begin ] --END-- [ RunTime:0.000000s ]

[ 2016-06-29T13:28:09+08:00 ] 127.0.0.1 /Charge/index.php/Home/Login/index.html
INFO: [ app_init ] --START--
INFO: Run Behavior\BuildLiteBehavior [ RunTime:0.000000s ]
INFO: [ app_init ] --END-- [ RunTime:0.001000s ]
INFO: [ app_begin ] --START--
INFO: Run Behavior\ReadHtmlCacheBehavior [ RunTime:0.002000s ]
INFO: [ app_begin ] --END-- [ RunTime:0.003000s ]
INFO: [ view_parse ] --START--
INFO: [ template_filter ] --START--
INFO: Run Behavior\ContentReplaceBehavior [ RunTime:0.000000s ]
INFO: [ template_filter ] --END-- [ RunTime:0.000000s ]
NOTIC: [8] Undefined variable: uid E:\xampp\htdocs\Charge\Application\Runtime\Cache\Home\5b6adcb62ad2b5dfc2abc2cd5e11dc99.php 第 25 行.
NOTIC: [8] Undefined variable: pwd E:\xampp\htdocs\Charge\Application\Runtime\Cache\Home\5b6adcb62ad2b5dfc2abc2cd5e11dc99.php 第 28 行.
NOTIC: [8] Undefined variable: checked E:\xampp\htdocs\Charge\Application\Runtime\Cache\Home\5b6adcb62ad2b5dfc2abc2cd5e11dc99.php 第 32 行.
INFO: Run Behavior\ParseTemplateBehavior [ RunTime:0.006000s ]
INFO: [ view_parse ] --END-- [ RunTime:0.006000s ]
INFO: [ view_filter ] --START--
INFO: Run Behavior\WriteHtmlCacheBehavior [ RunTime:0.000000s ]
INFO: [ view_filter ] --END-- [ RunTime:0.000000s ]
INFO: [ app_end ] --START--
INFO: Run Behavior\ShowPageTraceBehavior [ RunTime:0.001000s ]
INFO: [ app_end ] --END-- [ RunTime:0.001000s ]

