[ 2016-06-29T11:14:07+08:00 ] 127.0.0.1 /Charge/uid/lllllll
INFO: [ app_init ] --START--
INFO: Run Behavior\BuildLiteBehavior [ RunTime:0.000000s ]
INFO: [ app_init ] --END-- [ RunTime:0.000000s ]
ERR: 无法加载模块:Uid

[ 2016-06-29T13:23:28+08:00 ] 127.0.0.1 /Charge/Public/jc/jquery-1.11.1.min.js
INFO: [ app_init ] --START--
INFO: Run Behavior\BuildLiteBehavior [ RunTime:0.000000s ]
INFO: [ app_init ] --END-- [ RunTime:0.000000s ]
ERR: 无法加载模块:Public

[ 2016-06-29T13:23:28+08:00 ] 127.0.0.1 /Charge/Public/jc/easypiechart.js
INFO: [ app_init ] --START--
INFO: Run Behavior\BuildLiteBehavior [ RunTime:0.000000s ]
INFO: [ app_init ] --END-- [ RunTime:0.001000s ]
ERR: 无法加载模块:Public

[ 2016-06-29T13:23:28+08:00 ] 127.0.0.1 /Charge/Public/jc/bootstrap.min.js
INFO: [ app_init ] --START--
INFO: Run Behavior\BuildLiteBehavior [ RunTime:0.000000s ]
INFO: [ app_init ] --END-- [ RunTime:0.001000s ]
ERR: 无法加载模块:Public

[ 2016-06-29T13:23:28+08:00 ] 127.0.0.1 /Charge/Public/jc/chart.min.js
INFO: [ app_init ] --START--
INFO: Run Behavior\BuildLiteBehavior [ RunTime:0.000000s ]
INFO: [ app_init ] --END-- [ RunTime:0.001000s ]
ERR: 无法加载模块:Public

[ 2016-06-29T13:23:28+08:00 ] 127.0.0.1 /Charge/Public/jc/easypiechart-data.js
INFO: [ app_init ] --START--
INFO: Run Behavior\BuildLiteBehavior [ RunTime:0.000000s ]
INFO: [ app_init ] --END-- [ RunTime:0.000000s ]
ERR: 无法加载模块:Public

[ 2016-06-29T13:23:28+08:00 ] 127.0.0.1 /Charge/Public/jc/bootstrap-datepicker.js
INFO: [ app_init ] --START--
INFO: Run Behavior\BuildLiteBehavior [ RunTime:0.000000s ]
INFO: [ app_init ] --END-- [ RunTime:0.000000s ]
ERR: 无法加载模块:Public

[ 2016-06-29T13:23:28+08:00 ] 127.0.0.1 /Charge/Public/jc/app.js
INFO: [ app_init ] --START--
INFO: Run Behavior\BuildLiteBehavior [ RunTime:0.000000s ]
INFO: [ app_init ] --END-- [ RunTime:0.000000s ]
ERR: 无法加载模块:Public

[ 2016-06-29T13:23:28+08:00 ] 127.0.0.1 /Charge/Public/jc/bootstrap-table.js
INFO: [ app_init ] --START--
INFO: Run Behavior\BuildLiteBehavior [ RunTime:0.000000s ]
INFO: [ app_init ] --END-- [ RunTime:0.001000s ]
ERR: 无法加载模块:Public

[ 2016-06-29T13:23:31+08:00 ] 127.0.0.1 /Charge/Public/jc/jquery-1.11.1.min.js
INFO: [ app_init ] --START--
INFO: Run Behavior\BuildLiteBehavior [ RunTime:0.000000s ]
INFO: [ app_init ] --END-- [ RunTime:0.001000s ]
ERR: 无法加载模块:Public

[ 2016-06-29T13:23:31+08:00 ] 127.0.0.1 /Charge/Public/jc/easypiechart-data.js
INFO: [ app_init ] --START--
INFO: Run Behavior\BuildLiteBehavior [ RunTime:0.000000s ]
INFO: [ app_init ] --END-- [ RunTime:0.001000s ]
ERR: 无法加载模块:Public

[ 2016-06-29T13:23:31+08:00 ] 127.0.0.1 /Charge/Public/jc/easypiechart.js
INFO: [ app_init ] --START--
INFO: Run Behavior\BuildLiteBehavior [ RunTime:0.000000s ]
INFO: [ app_init ] --END-- [ RunTime:0.000000s ]
ERR: 无法加载模块:Public

[ 2016-06-29T13:23:31+08:00 ] 127.0.0.1 /Charge/Public/jc/chart.min.js
INFO: [ app_init ] --START--
INFO: Run Behavior\BuildLiteBehavior [ RunTime:0.000000s ]
INFO: [ app_init ] --END-- [ RunTime:0.001000s ]
ERR: 无法加载模块:Public

[ 2016-06-29T13:23:31+08:00 ] 127.0.0.1 /Charge/Public/jc/bootstrap-datepicker.js
INFO: [ app_init ] --START--
INFO: Run Behavior\BuildLiteBehavior [ RunTime:0.000000s ]
INFO: [ app_init ] --END-- [ RunTime:0.001000s ]
ERR: 无法加载模块:Public

[ 2016-06-29T13:23:31+08:00 ] 127.0.0.1 /Charge/Public/jc/bootstrap.min.js
INFO: [ app_init ] --START--
INFO: Run Behavior\BuildLiteBehavior [ RunTime:0.000000s ]
INFO: [ app_init ] --END-- [ RunTime:0.000000s ]
ERR: 无法加载模块:Public

[ 2016-06-29T13:23:31+08:00 ] 127.0.0.1 /Charge/Public/jc/bootstrap-table.js
INFO: [ app_init ] --START--
INFO: Run Behavior\BuildLiteBehavior [ RunTime:0.000000s ]
INFO: [ app_init ] --END-- [ RunTime:0.000000s ]
ERR: 无法加载模块:Public

[ 2016-06-29T13:23:31+08:00 ] 127.0.0.1 /Charge/Public/jc/app.js
INFO: [ app_init ] --START--
INFO: Run Behavior\BuildLiteBehavior [ RunTime:0.000000s ]
INFO: [ app_init ] --END-- [ RunTime:0.001000s ]
ERR: 无法加载模块:Public

[ 2016-06-29T13:24:27+08:00 ] 127.0.0.1 /Charge/index.php/Charge/index.php/Home/Login/index.html.html
INFO: [ app_init ] --START--
INFO: Run Behavior\BuildLiteBehavior [ RunTime:0.000000s ]
INFO: [ app_init ] --END-- [ RunTime:0.000000s ]
ERR: 无法加载模块:Charge

[ 2016-06-29T13:25:10+08:00 ] 127.0.0.1 /Charge/index.php/Charge/index.php/Home/Login/index.html.html
INFO: [ app_init ] --START--
INFO: Run Behavior\BuildLiteBehavior [ RunTime:0.000000s ]
INFO: [ app_init ] --END-- [ RunTime:0.000000s ]
ERR: 无法加载模块:Charge

[ 2016-06-29T13:25:11+08:00 ] 127.0.0.1 /Charge/index.php/Charge/index.php/Home/Login/index.html.html
INFO: [ app_init ] --START--
INFO: Run Behavior\BuildLiteBehavior [ RunTime:0.000000s ]
INFO: [ app_init ] --END-- [ RunTime:0.001000s ]
ERR: 无法加载模块:Charge

[ 2016-06-29T13:25:11+08:00 ] 127.0.0.1 /Charge/index.php/Charge/index.php/Home/Login/index.html.html
INFO: [ app_init ] --START--
INFO: Run Behavior\BuildLiteBehavior [ RunTime:0.000000s ]
INFO: [ app_init ] --END-- [ RunTime:0.000000s ]
ERR: 无法加载模块:Charge

[ 2016-06-29T13:25:11+08:00 ] 127.0.0.1 /Charge/index.php/Charge/index.php/Home/Login/index.html.html
INFO: [ app_init ] --START--
INFO: Run Behavior\BuildLiteBehavior [ RunTime:0.000000s ]
INFO: [ app_init ] --END-- [ RunTime:0.001000s ]
ERR: 无法加载模块:Charge

[ 2016-06-29T13:25:12+08:00 ] 127.0.0.1 /Charge/index.php/Charge/index.php/Home/Login/index.html.html
INFO: [ app_init ] --START--
INFO: Run Behavior\BuildLiteBehavior [ RunTime:0.000000s ]
INFO: [ app_init ] --END-- [ RunTime:0.000000s ]
ERR: 无法加载模块:Charge

[ 2016-06-29T13:25:12+08:00 ] 127.0.0.1 /Charge/index.php/Charge/index.php/Home/Login/index.html.html
INFO: [ app_init ] --START--
INFO: Run Behavior\BuildLiteBehavior [ RunTime:0.000000s ]
INFO: [ app_init ] --END-- [ RunTime:0.001000s ]
ERR: 无法加载模块:Charge

[ 2016-06-29T13:25:46+08:00 ] 127.0.0.1 /Charge/index.php/Charge/index.php/Home/Login/index.html.html
INFO: [ app_init ] --START--
INFO: Run Behavior\BuildLiteBehavior [ RunTime:0.000000s ]
INFO: [ app_init ] --END-- [ RunTime:0.001000s ]
ERR: 无法加载模块:Charge

[ 2016-06-29T13:25:46+08:00 ] 127.0.0.1 /Charge/index.php/Charge/index.php/Home/Login/index.html.html
INFO: [ app_init ] --START--
INFO: Run Behavior\BuildLiteBehavior [ RunTime:0.000000s ]
INFO: [ app_init ] --END-- [ RunTime:0.001000s ]
ERR: 无法加载模块:Charge

[ 2016-06-29T13:25:47+08:00 ] 127.0.0.1 /Charge/index.php/Charge/index.php/Home/Login/index.html.html
INFO: [ app_init ] --START--
INFO: Run Behavior\BuildLiteBehavior [ RunTime:0.000000s ]
INFO: [ app_init ] --END-- [ RunTime:0.001000s ]
ERR: 无法加载模块:Charge

[ 2016-06-29T13:25:53+08:00 ] 127.0.0.1 /Charge/index.php/Charge/index.php/Home/Login/index.html.html
INFO: [ app_init ] --START--
INFO: Run Behavior\BuildLiteBehavior [ RunTime:0.000000s ]
INFO: [ app_init ] --END-- [ RunTime:0.001000s ]
ERR: 无法加载模块:Charge

[ 2016-06-29T13:25:54+08:00 ] 127.0.0.1 /Charge/index.php/Charge/index.php/Home/Login/index.html.html
INFO: [ app_init ] --START--
INFO: Run Behavior\BuildLiteBehavior [ RunTime:0.000000s ]
INFO: [ app_init ] --END-- [ RunTime:0.001000s ]
ERR: 无法加载模块:Charge

[ 2016-06-29T13:26:32+08:00 ] 127.0.0.1 /Charge/index.php/Charge/index.php/Home/Login/index.html.html
INFO: [ app_init ] --START--
INFO: Run Behavior\BuildLiteBehavior [ RunTime:0.000000s ]
INFO: [ app_init ] --END-- [ RunTime:0.000000s ]
ERR: 无法加载模块:Charge

[ 2016-06-29T13:26:38+08:00 ] 127.0.0.1 /Charge/index.php/Charge/index.php/Home/Login/index.html.html
INFO: [ app_init ] --START--
INFO: Run Behavior\BuildLiteBehavior [ RunTime:0.000000s ]
INFO: [ app_init ] --END-- [ RunTime:0.000000s ]
ERR: 无法加载模块:Charge

[ 2016-06-29T13:26:40+08:00 ] 127.0.0.1 /Charge/index.php/Charge/index.php/Home/Login/index.html.html
INFO: [ app_init ] --START--
INFO: Run Behavior\BuildLiteBehavior [ RunTime:0.000000s ]
INFO: [ app_init ] --END-- [ RunTime:0.001000s ]
ERR: 无法加载模块:Charge

[ 2016-06-29T13:26:40+08:00 ] 127.0.0.1 /Charge/index.php/Charge/index.php/Home/Login/index.html.html
INFO: [ app_init ] --START--
INFO: Run Behavior\BuildLiteBehavior [ RunTime:0.000000s ]
INFO: [ app_init ] --END-- [ RunTime:0.000000s ]
ERR: 无法加载模块:Charge

[ 2016-06-29T13:26:40+08:00 ] 127.0.0.1 /Charge/index.php/Charge/index.php/Home/Login/index.html.html
INFO: [ app_init ] --START--
INFO: Run Behavior\BuildLiteBehavior [ RunTime:0.000000s ]
INFO: [ app_init ] --END-- [ RunTime:0.001000s ]
ERR: 无法加载模块:Charge

[ 2016-06-29T13:26:53+08:00 ] 127.0.0.1 /Charge/index.php/Charge/index.php/Home/Login/index.html.html
INFO: [ app_init ] --START--
INFO: Run Behavior\BuildLiteBehavior [ RunTime:0.000000s ]
INFO: [ app_init ] --END-- [ RunTime:0.001000s ]
ERR: 无法加载模块:Charge

[ 2016-06-29T13:26:57+08:00 ] 127.0.0.1 /Charge/index.php/Charge/index.php/Home/Login/index.html.html
INFO: [ app_init ] --START--
INFO: Run Behavior\BuildLiteBehavior [ RunTime:0.000000s ]
INFO: [ app_init ] --END-- [ RunTime:0.001000s ]
ERR: 无法加载模块:Charge

